2014-04-11 20:30:54,016 [ContainerBackgroundProcessor[StandardEngine[Catalina]]] DEBUG [com.ailk.ctc.rtbmsys.common.utils.SpringContextHolder] - 清除SpringContextHolder中的ApplicationContext:Root WebApplicationContext: startup date [Fri Apr 11 20:30:39 CST 2014]; root of context hierarchy
2014-04-11 20:31:11,106 [ContainerBackgroundProcessor[StandardEngine[Catalina]]] DEBUG [com.ailk.ctc.rtbmsys.common.utils.SpringContextHolder] - 清除SpringContextHolder中的ApplicationContext:Root WebApplicationContext: startup date [Fri Apr 11 20:30:58 CST 2014]; root of context hierarchy
2014-04-11 20:31:29,189 [ContainerBackgroundProcessor[StandardEngine[Catalina]]] DEBUG [com.ailk.ctc.rtbmsys.common.utils.SpringContextHolder] - 清除SpringContextHolder中的ApplicationContext:Root WebApplicationContext: startup date [Fri Apr 11 20:31:15 CST 2014]; root of context hierarchy
2014-04-11 20:31:46,993 [ContainerBackgroundProcessor[StandardEngine[Catalina]]] DEBUG [com.ailk.ctc.rtbmsys.common.utils.SpringContextHolder] - 清除SpringContextHolder中的ApplicationContext:Root WebApplicationContext: startup date [Fri Apr 11 20:31:33 CST 2014]; root of context hierarchy
2014-04-11 20:37:49,809 [localhost-startStop-1] ERROR [org.springframework.web.context.ContextLoader] - Context initialization failed
org.springframework.beans.factory.CannotLoadBeanClassException: Cannot find class [com.ailk.ctc.rtbmsys.common.utils.SpringContextHolder] for bean with name 'springContextHolder' defined in URL [file:/Z:/workspace/.metadata/.plugins/org.eclipse.wst.server.core/tmp0/wtpwebapps/rtbmsys/WEB-INF/classes/applicationContext.xml]; nested exception is java.lang.ClassNotFoundException: com.ailk.ctc.rtbmsys.common.utils.SpringContextHolder
	at org.springframework.beans.factory.support.AbstractBeanFactory.resolveBeanClass(AbstractBeanFactory.java:1275)
	at org.springframework.beans.factory.support.AbstractAutowireCapableBeanFactory.predictBeanType(AbstractAutowireCapableBeanFactory.java:575)
	at org.springframework.beans.factory.support.AbstractBeanFactory.isFactoryBean(AbstractBeanFactory.java:1344)
	at org.springframework.beans.factory.support.AbstractBeanFactory.isFactoryBean(AbstractBeanFactory.java:910)
	at org.springframework.beans.factory.support.DefaultListableBeanFactory.preInstantiateSingletons(DefaultListableBeanFactory.java:609)
	at org.springframework.context.support.AbstractApplicationContext.finishBeanFactoryInitialization(AbstractApplicationContext.java:932)
	at org.springframework.context.support.AbstractApplicationContext.refresh(AbstractApplicationContext.java:479)
	at org.springframework.web.context.ContextLoader.configureAndRefreshWebApplicationContext(ContextLoader.java:389)
	at org.springframework.web.context.ContextLoader.initWebApplicationContext(ContextLoader.java:294)
	at org.springframework.web.context.ContextLoaderListener.contextInitialized(ContextLoaderListener.java:112)
	at org.apache.catalina.core.StandardContext.listenerStart(StandardContext.java:4973)
	at org.apache.catalina.core.StandardContext.startInternal(StandardContext.java:5467)
	at org.apache.catalina.util.LifecycleBase.start(LifecycleBase.java:150)
	at org.apache.catalina.core.ContainerBase$StartChild.call(ContainerBase.java:1559)
	at org.apache.catalina.core.ContainerBase$StartChild.call(ContainerBase.java:1549)
	at java.util.concurrent.FutureTask.run(FutureTask.java:262)
	at java.util.concurrent.ThreadPoolExecutor.runWorker(ThreadPoolExecutor.java:1145)
	at java.util.concurrent.ThreadPoolExecutor$Worker.run(ThreadPoolExecutor.java:615)
	at java.lang.Thread.run(Thread.java:744)
Caused by: java.lang.ClassNotFoundException: com.ailk.ctc.rtbmsys.common.utils.SpringContextHolder
	at org.apache.catalina.loader.WebappClassLoader.loadClass(WebappClassLoader.java:1720)
	at org.apache.catalina.loader.WebappClassLoader.loadClass(WebappClassLoader.java:1571)
	at org.springframework.util.ClassUtils.forName(ClassUtils.java:260)
	at org.springframework.beans.factory.support.AbstractBeanDefinition.resolveBeanClass(AbstractBeanDefinition.java:416)
	at org.springframework.beans.factory.support.AbstractBeanFactory.doResolveBeanClass(AbstractBeanFactory.java:1296)
	at org.springframework.beans.factory.support.AbstractBeanFactory.resolveBeanClass(AbstractBeanFactory.java:1267)
	... 18 more
2014-04-11 20:41:52,705 [localhost-startStop-1] ERROR [org.springframework.web.context.ContextLoader] - Context initialization failed
org.springframework.beans.factory.CannotLoadBeanClassException: Cannot find class [com.ailk.ctc.rtbmsys.common.utils.SpringContextHolder] for bean with name 'springContextHolder' defined in URL [file:/Z:/workspace/.metadata/.plugins/org.eclipse.wst.server.core/tmp0/wtpwebapps/rtbmsys/WEB-INF/classes/applicationContext.xml]; nested exception is java.lang.ClassNotFoundException: com.ailk.ctc.rtbmsys.common.utils.SpringContextHolder
	at org.springframework.beans.factory.support.AbstractBeanFactory.resolveBeanClass(AbstractBeanFactory.java:1275)
	at org.springframework.beans.factory.support.AbstractAutowireCapableBeanFactory.predictBeanType(AbstractAutowireCapableBeanFactory.java:575)
	at org.springframework.beans.factory.support.AbstractBeanFactory.isFactoryBean(AbstractBeanFactory.java:1344)
	at org.springframework.beans.factory.support.AbstractBeanFactory.isFactoryBean(AbstractBeanFactory.java:910)
	at org.springframework.beans.factory.support.DefaultListableBeanFactory.preInstantiateSingletons(DefaultListableBeanFactory.java:609)
	at org.springframework.context.support.AbstractApplicationContext.finishBeanFactoryInitialization(AbstractApplicationContext.java:932)
	at org.springframework.context.support.AbstractApplicationContext.refresh(AbstractApplicationContext.java:479)
	at org.springframework.web.context.ContextLoader.configureAndRefreshWebApplicationContext(ContextLoader.java:389)
	at org.springframework.web.context.ContextLoader.initWebApplicationContext(ContextLoader.java:294)
	at org.springframework.web.context.ContextLoaderListener.contextInitialized(ContextLoaderListener.java:112)
	at org.apache.catalina.core.StandardContext.listenerStart(StandardContext.java:4973)
	at org.apache.catalina.core.StandardContext.startInternal(StandardContext.java:5467)
	at org.apache.catalina.util.LifecycleBase.start(LifecycleBase.java:150)
	at org.apache.catalina.core.ContainerBase$StartChild.call(ContainerBase.java:1559)
	at org.apache.catalina.core.ContainerBase$StartChild.call(ContainerBase.java:1549)
	at java.util.concurrent.FutureTask.run(FutureTask.java:262)
	at java.util.concurrent.ThreadPoolExecutor.runWorker(ThreadPoolExecutor.java:1145)
	at java.util.concurrent.ThreadPoolExecutor$Worker.run(ThreadPoolExecutor.java:615)
	at java.lang.Thread.run(Thread.java:744)
Caused by: java.lang.ClassNotFoundException: com.ailk.ctc.rtbmsys.common.utils.SpringContextHolder
	at org.apache.catalina.loader.WebappClassLoader.loadClass(WebappClassLoader.java:1720)
	at org.apache.catalina.loader.WebappClassLoader.loadClass(WebappClassLoader.java:1571)
	at org.springframework.util.ClassUtils.forName(ClassUtils.java:260)
	at org.springframework.beans.factory.support.AbstractBeanDefinition.resolveBeanClass(AbstractBeanDefinition.java:416)
	at org.springframework.beans.factory.support.AbstractBeanFactory.doResolveBeanClass(AbstractBeanFactory.java:1296)
	at org.springframework.beans.factory.support.AbstractBeanFactory.resolveBeanClass(AbstractBeanFactory.java:1267)
	... 18 more
